<?xml version="1.0" encoding="UTF-8"?>
<!-- Generated by org.testng.reporters.JUnitReportReporter -->
<testsuite ignored="0" hostname="SAG-GPD8NQ2" failures="1" tests="16" name="com.softwareag.tn.apps.testcases.PartnerSearchCrud" time="0.083" errors="0" timestamp="29 Mar 2021 06:19:23 GMT" skipped="15">
  <testcase classname="com.softwareag.tn.apps.testcases.PartnerSearchCrud" name="getPartnerStatus" time="0.004">
    <skipped/>
  </testcase> <!-- getPartnerStatus -->
  <testcase classname="com.softwareag.tn.apps.testcases.PartnerSearchCrud" name="getPartnerStatus" time="0.002">
    <skipped/>
  </testcase> <!-- getPartnerStatus -->
  <testcase classname="com.softwareag.tn.apps.testcases.PartnerSearchCrud" name="getPartnerStatus" time="0.003">
    <skipped/>
  </testcase> <!-- getPartnerStatus -->
  <testcase classname="com.softwareag.tn.apps.testcases.PartnerSearchCrud" name="getPartnerStatus" time="0.003">
    <skipped/>
  </testcase> <!-- getPartnerStatus -->
  <testcase classname="com.softwareag.tn.apps.testcases.PartnerSearchCrud" name="getPartnerStatus" time="0.003">
    <skipped/>
  </testcase> <!-- getPartnerStatus -->
  <testcase classname="com.softwareag.tn.apps.testcases.PartnerSearchCrud" name="getPartnerStatus" time="0.003">
    <skipped/>
  </testcase> <!-- getPartnerStatus -->
  <testcase classname="com.softwareag.tn.apps.testcases.PartnerSearchCrud" name="getPartnerStatus" time="0.003">
    <skipped/>
  </testcase> <!-- getPartnerStatus -->
  <testcase classname="com.softwareag.tn.apps.testcases.PartnerSearchCrud" name="getPartnerStatus" time="0.042">
    <skipped/>
  </testcase> <!-- getPartnerStatus -->
  <testcase classname="com.softwareag.tn.apps.testcases.PartnerSearchCrud" name="initializePreRequisite" time="0.000">
    <failure message="Status Code does not match expected [200] but found [400]" type="java.lang.AssertionError">
      <![CDATA[java.lang.AssertionError: Status Code does not match expected [200] but found [400]
	at org.testng.Assert.fail(Assert.java:94)
	at org.testng.Assert.failNotEquals(Assert.java:513)
	at org.testng.Assert.assertEqualsImpl(Assert.java:135)
	at org.testng.Assert.assertEquals(Assert.java:116)
	at org.testng.Assert.assertEquals(Assert.java:190)
	at com.softwareag.tn.apps.testcases.PartnerSearchCrud.initializePreRequisite(PartnerSearchCrud.java:58)
	at java.base/jdk.internal.reflect.NativeMethodAccessorImpl.invoke0(Native Method)
	at java.base/jdk.internal.reflect.NativeMethodAccessorImpl.invoke(NativeMethodAccessorImpl.java:62)
	at java.base/jdk.internal.reflect.DelegatingMethodAccessorImpl.invoke(DelegatingMethodAccessorImpl.java:43)
	at java.base/java.lang.reflect.Method.invoke(Method.java:564)
	at org.testng.internal.MethodInvocationHelper.invokeMethod(MethodInvocationHelper.java:104)
	at org.testng.internal.Invoker.invokeConfigurationMethod(Invoker.java:515)
	at org.testng.internal.Invoker.invokeConfigurations(Invoker.java:217)
	at org.testng.internal.Invoker.invokeConfigurations(Invoker.java:144)
	at org.testng.internal.TestMethodWorker.invokeBeforeClassMethods(TestMethodWorker.java:169)
	at org.testng.internal.TestMethodWorker.run(TestMethodWorker.java:108)
	at org.testng.TestRunner.privateRun(TestRunner.java:756)
	at org.testng.TestRunner.run(TestRunner.java:610)
	at org.testng.SuiteRunner.runTest(SuiteRunner.java:387)
	at org.testng.SuiteRunner.runSequentially(SuiteRunner.java:382)
	at org.testng.SuiteRunner.privateRun(SuiteRunner.java:340)
	at org.testng.SuiteRunner.run(SuiteRunner.java:289)
	at org.testng.SuiteRunnerWorker.runSuite(SuiteRunnerWorker.java:52)
	at org.testng.SuiteRunnerWorker.run(SuiteRunnerWorker.java:86)
	at org.testng.TestNG.runSuitesSequentially(TestNG.java:1293)
	at org.testng.TestNG.runSuitesLocally(TestNG.java:1218)
	at org.testng.TestNG.runSuites(TestNG.java:1133)
	at org.testng.TestNG.run(TestNG.java:1104)
	at org.testng.remote.AbstractRemoteTestNG.run(AbstractRemoteTestNG.java:115)
	at org.testng.remote.RemoteTestNG.initAndRun(RemoteTestNG.java:251)
	at org.testng.remote.RemoteTestNG.main(RemoteTestNG.java:77)
]]>
    </failure>
  </testcase> <!-- initializePreRequisite -->
  <testcase classname="com.softwareag.tn.apps.testcases.PartnerSearchCrud" name="getPartnerStatus" time="0.002">
    <skipped/>
  </testcase> <!-- getPartnerStatus -->
  <testcase classname="com.softwareag.tn.apps.testcases.PartnerSearchCrud" name="getPartnerStatus" time="0.003">
    <skipped/>
  </testcase> <!-- getPartnerStatus -->
  <testcase classname="com.softwareag.tn.apps.testcases.PartnerSearchCrud" name="getPartnerStatus" time="0.003">
    <skipped/>
  </testcase> <!-- getPartnerStatus -->
  <testcase classname="com.softwareag.tn.apps.testcases.PartnerSearchCrud" name="getPartnerStatus" time="0.003">
    <skipped/>
  </testcase> <!-- getPartnerStatus -->
  <testcase classname="com.softwareag.tn.apps.testcases.PartnerSearchCrud" name="getPartnerStatus" time="0.003">
    <skipped/>
  </testcase> <!-- getPartnerStatus -->
  <testcase classname="com.softwareag.tn.apps.testcases.PartnerSearchCrud" name="getPartnerStatus" time="0.003">
    <skipped/>
  </testcase> <!-- getPartnerStatus -->
  <testcase classname="com.softwareag.tn.apps.testcases.PartnerSearchCrud" name="getPartnerStatus" time="0.003">
    <skipped/>
  </testcase> <!-- getPartnerStatus -->
</testsuite> <!-- com.softwareag.tn.apps.testcases.PartnerSearchCrud -->
