<?xml version="1.0" encoding="UTF-8"?>
<!-- Generated by org.testng.reporters.JUnitReportReporter -->
<testsuite ignored="0" hostname="SAG-GPD8NQ2" failures="0" tests="11" name="com.softwareag.tn.apps.testcases.SFTPChannelCrud" time="0.222" errors="1" timestamp="29 Mar 2021 06:13:50 GMT" skipped="10">
  <testcase classname="com.softwareag.tn.apps.testcases.SFTPChannelCrud" name="listChannel" time="0.011">
    <skipped/>
  </testcase> <!-- listChannel -->
  <testcase classname="com.softwareag.tn.apps.testcases.SFTPChannelCrud" name="initializePreRequisite" time="0.000">
    <error message="A JSONObject text must begin with &#039;{&#039; at 5 [character 6 line 1]" type="org.json.JSONException">
      <![CDATA[org.json.JSONException: A JSONObject text must begin with '{' at 5 [character 6 line 1]
	at org.json.JSONTokener.syntaxError(JSONTokener.java:451)
	at org.json.JSONObject.<init>(JSONObject.java:195)
	at org.json.JSONObject.<init>(JSONObject.java:319)
	at com.softwareag.tn.apps.testcases.SFTPChannelCrud.initializePreRequisite(SFTPChannelCrud.java:65)
	at java.base/jdk.internal.reflect.NativeMethodAccessorImpl.invoke0(Native Method)
	at java.base/jdk.internal.reflect.NativeMethodAccessorImpl.invoke(NativeMethodAccessorImpl.java:62)
	at java.base/jdk.internal.reflect.DelegatingMethodAccessorImpl.invoke(DelegatingMethodAccessorImpl.java:43)
	at java.base/java.lang.reflect.Method.invoke(Method.java:564)
	at org.testng.internal.MethodInvocationHelper.invokeMethod(MethodInvocationHelper.java:104)
	at org.testng.internal.Invoker.invokeConfigurationMethod(Invoker.java:515)
	at org.testng.internal.Invoker.invokeConfigurations(Invoker.java:217)
	at org.testng.internal.Invoker.invokeConfigurations(Invoker.java:144)
	at org.testng.internal.TestMethodWorker.invokeBeforeClassMethods(TestMethodWorker.java:169)
	at org.testng.internal.TestMethodWorker.run(TestMethodWorker.java:108)
	at org.testng.TestRunner.privateRun(TestRunner.java:756)
	at org.testng.TestRunner.run(TestRunner.java:610)
	at org.testng.SuiteRunner.runTest(SuiteRunner.java:387)
	at org.testng.SuiteRunner.runSequentially(SuiteRunner.java:382)
	at org.testng.SuiteRunner.privateRun(SuiteRunner.java:340)
	at org.testng.SuiteRunner.run(SuiteRunner.java:289)
	at org.testng.SuiteRunnerWorker.runSuite(SuiteRunnerWorker.java:52)
	at org.testng.SuiteRunnerWorker.run(SuiteRunnerWorker.java:86)
	at org.testng.TestNG.runSuitesSequentially(TestNG.java:1293)
	at org.testng.TestNG.runSuitesLocally(TestNG.java:1218)
	at org.testng.TestNG.runSuites(TestNG.java:1133)
	at org.testng.TestNG.run(TestNG.java:1104)
	at org.testng.remote.AbstractRemoteTestNG.run(AbstractRemoteTestNG.java:115)
	at org.testng.remote.RemoteTestNG.initAndRun(RemoteTestNG.java:251)
	at org.testng.remote.RemoteTestNG.main(RemoteTestNG.java:77)
]]>
    </error>
  </testcase> <!-- initializePreRequisite -->
  <testcase classname="com.softwareag.tn.apps.testcases.SFTPChannelCrud" name="addChannel" time="0.006">
    <skipped/>
  </testcase> <!-- addChannel -->
  <testcase classname="com.softwareag.tn.apps.testcases.SFTPChannelCrud" name="addChannel" time="0.011">
    <skipped/>
  </testcase> <!-- addChannel -->
  <testcase classname="com.softwareag.tn.apps.testcases.SFTPChannelCrud" name="addChannel" time="0.009">
    <skipped/>
  </testcase> <!-- addChannel -->
  <testcase classname="com.softwareag.tn.apps.testcases.SFTPChannelCrud" name="updateCreate" time="0.006">
    <skipped/>
  </testcase> <!-- updateCreate -->
  <testcase classname="com.softwareag.tn.apps.testcases.SFTPChannelCrud" name="getChannel" time="0.009">
    <skipped/>
  </testcase> <!-- getChannel -->
  <testcase classname="com.softwareag.tn.apps.testcases.SFTPChannelCrud" name="updateChannel" time="0.000">
    <skipped/>
  </testcase> <!-- updateChannel -->
  <testcase classname="com.softwareag.tn.apps.testcases.SFTPChannelCrud" name="addChannel" time="0.145">
    <skipped/>
  </testcase> <!-- addChannel -->
  <testcase classname="com.softwareag.tn.apps.testcases.SFTPChannelCrud" name="addChannel" time="0.016">
    <skipped/>
  </testcase> <!-- addChannel -->
  <testcase classname="com.softwareag.tn.apps.testcases.SFTPChannelCrud" name="addChannel" time="0.009">
    <skipped/>
  </testcase> <!-- addChannel -->
</testsuite> <!-- com.softwareag.tn.apps.testcases.SFTPChannelCrud -->
